e:\projects\gamedev\dissertaion\grasssubmission - copy\x64\debug\nclgl.pdb
e:\projects\gamedev\dissertaion\grasssubmission - copy\x64\debug\nclgl.idb
e:\projects\gamedev\dissertaion\grasssubmission - copy\nclgl\x64\debug\glad.obj
e:\projects\gamedev\dissertaion\grasssubmission - copy\nclgl\x64\debug\scenenode.obj
e:\projects\gamedev\dissertaion\grasssubmission - copy\nclgl\x64\debug\quaternion.obj
e:\projects\gamedev\dissertaion\grasssubmission - copy\nclgl\x64\debug\plane.obj
e:\projects\gamedev\dissertaion\grasssubmission - copy\nclgl\x64\debug\oglrenderer.obj
e:\projects\gamedev\dissertaion\grasssubmission - copy\nclgl\x64\debug\mouse.obj
e:\projects\gamedev\dissertaion\grasssubmission - copy\nclgl\x64\debug\meshmaterial.obj
e:\projects\gamedev\dissertaion\grasssubmission - copy\nclgl\x64\debug\meshanimation.obj
e:\projects\gamedev\dissertaion\grasssubmission - copy\nclgl\x64\debug\mesh.obj
e:\projects\gamedev\dissertaion\grasssubmission - copy\nclgl\x64\debug\matrix4.obj
e:\projects\gamedev\dissertaion\grasssubmission - copy\nclgl\x64\debug\matrix3.obj
e:\projects\gamedev\dissertaion\grasssubmission - copy\nclgl\x64\debug\matrix2.obj
e:\projects\gamedev\dissertaion\grasssubmission - copy\nclgl\x64\debug\light.obj
e:\projects\gamedev\dissertaion\grasssubmission - copy\nclgl\x64\debug\keyboard.obj
e:\projects\gamedev\dissertaion\grasssubmission - copy\nclgl\x64\debug\heightmap.obj
e:\projects\gamedev\dissertaion\grasssubmission - copy\nclgl\x64\debug\grassbush.obj
e:\projects\gamedev\dissertaion\grasssubmission - copy\nclgl\x64\debug\gametimer.obj
e:\projects\gamedev\dissertaion\grasssubmission - copy\nclgl\x64\debug\frustum.obj
e:\projects\gamedev\dissertaion\grasssubmission - copy\nclgl\x64\debug\cuberobot.obj
e:\projects\gamedev\dissertaion\grasssubmission - copy\nclgl\x64\debug\computeshader.obj
e:\projects\gamedev\dissertaion\grasssubmission - copy\nclgl\x64\debug\camera.obj
e:\projects\gamedev\dissertaion\grasssubmission - copy\nclgl\x64\debug\window.obj
e:\projects\gamedev\dissertaion\grasssubmission - copy\nclgl\x64\debug\shader.obj
e:\projects\gamedev\dissertaion\grasssubmission - copy\x64\debug\nclgl.lib
e:\projects\gamedev\dissertaion\grasssubmission - copy\nclgl\x64\debug\nclgl.tlog\cl.command.1.tlog
e:\projects\gamedev\dissertaion\grasssubmission - copy\nclgl\x64\debug\nclgl.tlog\cl.items.tlog
e:\projects\gamedev\dissertaion\grasssubmission - copy\nclgl\x64\debug\nclgl.tlog\cl.read.1.tlog
e:\projects\gamedev\dissertaion\grasssubmission - copy\nclgl\x64\debug\nclgl.tlog\cl.write.1.tlog
e:\projects\gamedev\dissertaion\grasssubmission - copy\nclgl\x64\debug\nclgl.tlog\lib-link.read.1.tlog
e:\projects\gamedev\dissertaion\grasssubmission - copy\nclgl\x64\debug\nclgl.tlog\lib-link.write.1.tlog
e:\projects\gamedev\dissertaion\grasssubmission - copy\nclgl\x64\debug\nclgl.tlog\lib.command.1.tlog
